<?xml version="1.0" encoding="UTF-8"?>
<!-- Generated by org.testng.reporters.JUnitXMLReporter -->
<testsuite ignored="0" hostname="DESKTOP-DAETJSG" failures="0" tests="1" name="Test" time="29.242" errors="0" timestamp="2023-11-16T15:51:09 IST">
  <testcase classname="com.Sample.CapstoneTestCase" name="@AfterMethod closeBrowser" time="0.0">
    <failure type="java.lang.NullPointerException">
      <![CDATA[java.lang.NullPointerException
at com.Sample.CapstoneTestCase.closeBrowser(CapstoneTestCase.java:73)
at java.base/java.util.ArrayList.forEach(ArrayList.java:1541)
... Removed 32 stack frames]]>
    </failure>
  </testcase> <!-- @AfterMethod closeBrowser -->
  <testcase classname="com.Sample.CapstoneTestCase" name="LoginTestcase" time="23.881"/>
</testsuite> <!-- Test -->
